<?xml version="1.0" encoding="UTF-8"?>
<testsuite xmlns:xsi="http://www.w3.org/2001/XMLSchema-instance" xsi:noNamespaceSchemaLocation="https://maven.apache.org/surefire/maven-surefire-plugin/xsd/surefire-test-report-3.0.xsd" version="3.0" name="TestSuite" time="1.17" tests="18" errors="0" skipped="10" failures="8">
  <properties>
[...]
</properties>
  <testcase name="beforeMethod" classname="entrata_tests.CheckBrokenLinkOfPageTest" time="0.659">
    <failure message="&#10;Parameter &apos;browser&apos; is required by BeforeClass on method beforeMethod but has not been marked @Optional or defined&#10;" type="org.testng.TestNGException">org.testng.TestNGException: 

Parameter 'browser' is required by BeforeClass on method beforeMethod but has not been marked @Optional or defined

</failure>
    <system-out><![CDATA[Windows 11
]]></system-out>
    <system-err><![CDATA[SLF4J(W): No SLF4J providers were found.
SLF4J(W): Defaulting to no-operation (NOP) logger implementation
SLF4J(W): See https://www.slf4j.org/codes.html#noProviders for further details.
]]></system-err>
  </testcase>
  <testcase name="loginAsBuyer" classname="entrata_tests.CheckBrokenLinkOfPageTest" time="0">
    <skipped/>
  </testcase>
  <testcase name="verifyBrokenLinkFromPage" classname="entrata_tests.CheckBrokenLinkOfPageTest" time="0">
    <skipped message="&#10;Parameter &apos;browser&apos; is required by BeforeClass on method beforeMethod but has not been marked @Optional or defined&#10;"/>
  </testcase>
  <testcase name="afterMethod" classname="entrata_tests.CheckBrokenLinkOfPageTest" time="0.004">
    <failure message="Cannot invoke &quot;org.openqa.selenium.WebDriver.quit()&quot; because the return value of &quot;base.WebDriverFactory.getWebDriver()&quot; is null" type="java.lang.NullPointerException">java.lang.NullPointerException: Cannot invoke "org.openqa.selenium.WebDriver.quit()" because the return value of "base.WebDriverFactory.getWebDriver()" is null
</failure>
  </testcase>
  <testcase name="beforeMethod" classname="entrata_tests.DownloadReportTest" time="0.008">
    <failure message="&#10;Parameter &apos;browser&apos; is required by BeforeClass on method beforeMethod but has not been marked @Optional or defined&#10;" type="org.testng.TestNGException">org.testng.TestNGException: 

Parameter 'browser' is required by BeforeClass on method beforeMethod but has not been marked @Optional or defined

</failure>
  </testcase>
  <testcase name="loginAsBuyer" classname="entrata_tests.DownloadReportTest" time="0">
    <skipped/>
  </testcase>
  <testcase name="verifyDownloadReport" classname="entrata_tests.DownloadReportTest" time="0">
    <skipped message="&#10;Parameter &apos;browser&apos; is required by BeforeClass on method beforeMethod but has not been marked @Optional or defined&#10;"/>
  </testcase>
  <testcase name="verifyDownloadReportInvalidData" classname="entrata_tests.DownloadReportTest" time="0">
    <skipped message="&#10;Parameter &apos;browser&apos; is required by BeforeClass on method beforeMethod but has not been marked @Optional or defined&#10;"/>
  </testcase>
  <testcase name="afterMethod" classname="entrata_tests.DownloadReportTest" time="0.002">
    <failure message="Cannot invoke &quot;org.openqa.selenium.WebDriver.quit()&quot; because the return value of &quot;base.WebDriverFactory.getWebDriver()&quot; is null" type="java.lang.NullPointerException">java.lang.NullPointerException: Cannot invoke "org.openqa.selenium.WebDriver.quit()" because the return value of "base.WebDriverFactory.getWebDriver()" is null
</failure>
  </testcase>
  <testcase name="beforeMethod" classname="entrata_tests.HomePageTest" time="0.003">
    <failure message="&#10;Parameter &apos;browser&apos; is required by BeforeClass on method beforeMethod but has not been marked @Optional or defined&#10;" type="org.testng.TestNGException">org.testng.TestNGException: 

Parameter 'browser' is required by BeforeClass on method beforeMethod but has not been marked @Optional or defined

</failure>
  </testcase>
  <testcase name="loginAsBuyer" classname="entrata_tests.HomePageTest" time="0">
    <skipped/>
  </testcase>
  <testcase name="verifyHomePageNavigations" classname="entrata_tests.HomePageTest" time="0">
    <skipped message="&#10;Parameter &apos;browser&apos; is required by BeforeClass on method beforeMethod but has not been marked @Optional or defined&#10;"/>
  </testcase>
  <testcase name="afterMethod" classname="entrata_tests.HomePageTest" time="0.001">
    <failure message="Cannot invoke &quot;org.openqa.selenium.WebDriver.quit()&quot; because the return value of &quot;base.WebDriverFactory.getWebDriver()&quot; is null" type="java.lang.NullPointerException">java.lang.NullPointerException: Cannot invoke "org.openqa.selenium.WebDriver.quit()" because the return value of "base.WebDriverFactory.getWebDriver()" is null
</failure>
  </testcase>
  <testcase name="beforeMethod" classname="entrata_tests.LoginTest" time="0.004">
    <failure message="&#10;Parameter &apos;browser&apos; is required by BeforeClass on method beforeMethod but has not been marked @Optional or defined&#10;" type="org.testng.TestNGException">org.testng.TestNGException: 

Parameter 'browser' is required by BeforeClass on method beforeMethod but has not been marked @Optional or defined

</failure>
  </testcase>
  <testcase name="loginAsBuyer" classname="entrata_tests.LoginTest" time="0">
    <skipped/>
  </testcase>
  <testcase name="verifyDownloadReport" classname="entrata_tests.LoginTest" time="0">
    <skipped message="&#10;Parameter &apos;browser&apos; is required by BeforeClass on method beforeMethod but has not been marked @Optional or defined&#10;"/>
  </testcase>
  <testcase name="verifyDownloadReportInvalidData" classname="entrata_tests.LoginTest" time="0">
    <skipped message="&#10;Parameter &apos;browser&apos; is required by BeforeClass on method beforeMethod but has not been marked @Optional or defined&#10;"/>
  </testcase>
  <testcase name="afterMethod" classname="entrata_tests.LoginTest" time="0.003">
    <failure message="Cannot invoke &quot;org.openqa.selenium.WebDriver.quit()&quot; because the return value of &quot;base.WebDriverFactory.getWebDriver()&quot; is null" type="java.lang.NullPointerException">java.lang.NullPointerException: Cannot invoke "org.openqa.selenium.WebDriver.quit()" because the return value of "base.WebDriverFactory.getWebDriver()" is null
</failure>
  </testcase>
</testsuite>