<?xml version="1.0" encoding="UTF-8"?>
<testng-results ignored="0" total="5" passed="3" failed="2" skipped="0">
  <reporter-output>
  </reporter-output>
  <suite started-at="2024-09-29T16:56:19 IST" name="Entrata Test Suite" finished-at="2024-09-29T17:06:23 IST" duration-ms="604060">
    <groups>
    </groups>
    <test started-at="2024-09-29T16:56:19 IST" name="Test_Parallel_entrata" finished-at="2024-09-29T17:06:23 IST" duration-ms="604060">
      <class name="entrata_tests.CheckBrokenLinkOfPageTest">
        <test-method is-config="true" signature="setupConfig()[pri:0, instance:entrata_tests.CheckBrokenLinkOfPageTest@59309333]" started-at="2024-09-29T16:56:19 IST" name="setupConfig" finished-at="2024-09-29T16:56:19 IST" duration-ms="28" status="PASS">
          <reporter-output>
          </reporter-output>
        </test-method> <!-- setupConfig -->
        <test-method is-config="true" signature="beforeMethod(java.lang.String)[pri:0, instance:entrata_tests.CheckBrokenLinkOfPageTest@59309333]" started-at="2024-09-29T16:56:20 IST" name="beforeMethod" finished-at="2024-09-29T16:56:22 IST" duration-ms="2834" status="PASS">
          <params>
            <param index="0">
              <value>
                <![CDATA[chrome]]>
              </value>
            </param>
          </params>
          <reporter-output>
          </reporter-output>
        </test-method> <!-- beforeMethod -->
        <test-method is-config="true" signature="loginAsBuyer()[pri:0, instance:entrata_tests.CheckBrokenLinkOfPageTest@59309333]" started-at="2024-09-29T16:56:22 IST" name="loginAsBuyer" finished-at="2024-09-29T16:57:09 IST" duration-ms="46225" status="PASS">
          <reporter-output>
          </reporter-output>
        </test-method> <!-- loginAsBuyer -->
        <test-method signature="verifyBrokenLinkFromPage()[pri:1, instance:entrata_tests.CheckBrokenLinkOfPageTest@59309333]" started-at="2024-09-29T16:57:09 IST" name="verifyBrokenLinkFromPage" description="Verify the broken links from page" finished-at="2024-09-29T16:57:45 IST" duration-ms="36277" status="PASS">
          <reporter-output>
          </reporter-output>
        </test-method> <!-- verifyBrokenLinkFromPage -->
        <test-method is-config="true" signature="afterMethod()[pri:0, instance:entrata_tests.CheckBrokenLinkOfPageTest@59309333]" started-at="2024-09-29T16:57:45 IST" name="afterMethod" finished-at="2024-09-29T16:57:45 IST" duration-ms="367" status="PASS">
          <reporter-output>
          </reporter-output>
        </test-method> <!-- afterMethod -->
      </class> <!-- entrata_tests.CheckBrokenLinkOfPageTest -->
      <class name="entrata_tests.DownloadReportTest">
        <test-method is-config="true" signature="beforeMethod(java.lang.String)[pri:0, instance:entrata_tests.DownloadReportTest@222545dc]" started-at="2024-09-29T16:56:20 IST" name="beforeMethod" finished-at="2024-09-29T16:56:22 IST" duration-ms="2905" status="PASS">
          <params>
            <param index="0">
              <value>
                <![CDATA[chrome]]>
              </value>
            </param>
          </params>
          <reporter-output>
          </reporter-output>
        </test-method> <!-- beforeMethod -->
        <test-method is-config="true" signature="loginAsBuyer()[pri:0, instance:entrata_tests.DownloadReportTest@222545dc]" started-at="2024-09-29T16:56:23 IST" name="loginAsBuyer" finished-at="2024-09-29T16:57:06 IST" duration-ms="43633" status="PASS">
          <reporter-output>
          </reporter-output>
        </test-method> <!-- loginAsBuyer -->
        <test-method signature="verifyDownloadReport()[pri:1, instance:entrata_tests.DownloadReportTest@222545dc]" started-at="2024-09-29T16:57:06 IST" name="verifyDownloadReport" description="Verify the download report functionality" finished-at="2024-09-29T17:01:20 IST" duration-ms="253814" status="PASS">
          <reporter-output>
          </reporter-output>
        </test-method> <!-- verifyDownloadReport -->
        <test-method is-config="true" signature="loginAsBuyer()[pri:0, instance:entrata_tests.DownloadReportTest@222545dc]" started-at="2024-09-29T17:01:20 IST" name="loginAsBuyer" finished-at="2024-09-29T17:02:15 IST" duration-ms="55469" status="PASS">
          <reporter-output>
          </reporter-output>
        </test-method> <!-- loginAsBuyer -->
        <test-method signature="verifyDownloadReportInvalidData()[pri:2, instance:entrata_tests.DownloadReportTest@222545dc]" started-at="2024-09-29T17:02:15 IST" name="verifyDownloadReportInvalidData" description="Verify the error shown when submit form with empty fields" finished-at="2024-09-29T17:06:23 IST" duration-ms="247276" status="PASS">
          <reporter-output>
          </reporter-output>
        </test-method> <!-- verifyDownloadReportInvalidData -->
        <test-method is-config="true" signature="afterMethod()[pri:0, instance:entrata_tests.DownloadReportTest@222545dc]" started-at="2024-09-29T17:06:23 IST" name="afterMethod" finished-at="2024-09-29T17:06:23 IST" duration-ms="684" status="PASS">
          <reporter-output>
          </reporter-output>
        </test-method> <!-- afterMethod -->
      </class> <!-- entrata_tests.DownloadReportTest -->
      <class name="entrata_tests.LoginTest">
        <test-method is-config="true" signature="beforeMethod(java.lang.String)[pri:0, instance:entrata_tests.LoginTest@6ae5aa72]" started-at="2024-09-29T17:02:09 IST" name="beforeMethod" finished-at="2024-09-29T17:02:10 IST" duration-ms="1370" status="PASS">
          <params>
            <param index="0">
              <value>
                <![CDATA[chrome]]>
              </value>
            </param>
          </params>
          <reporter-output>
          </reporter-output>
        </test-method> <!-- beforeMethod -->
        <test-method is-config="true" signature="loginAsBuyer()[pri:0, instance:entrata_tests.LoginTest@6ae5aa72]" started-at="2024-09-29T17:02:10 IST" name="loginAsBuyer" finished-at="2024-09-29T17:02:52 IST" duration-ms="42533" status="PASS">
          <reporter-output>
          </reporter-output>
        </test-method> <!-- loginAsBuyer -->
        <test-method signature="verifyDownloadReportInvalidData()[pri:2, instance:entrata_tests.LoginTest@6ae5aa72]" started-at="2024-09-29T17:02:52 IST" name="verifyDownloadReportInvalidData" description="Verify the login as Resident User" finished-at="2024-09-29T17:03:44 IST" duration-ms="51331" status="FAIL">
          <exception class="java.lang.AssertionError">
            <message>
              <![CDATA[
Expecting value to be true but was false]]>
            </message>
            <full-stacktrace>
              <![CDATA[java.lang.AssertionError: 
Expecting value to be true but was false
at entrata_tests.LoginTest.verifyDownloadReportInvalidData(LoginTest.java:63)
at java.base/jdk.internal.reflect.NativeMethodAccessorImpl.invoke0(Native Method)
at java.base/jdk.internal.reflect.NativeMethodAccessorImpl.invoke(NativeMethodAccessorImpl.java:77)
at java.base/jdk.internal.reflect.DelegatingMethodAccessorImpl.invoke(DelegatingMethodAccessorImpl.java:43)
at java.base/java.lang.reflect.Method.invoke(Method.java:568)
at org.testng.internal.invokers.MethodInvocationHelper.invokeMethod(MethodInvocationHelper.java:141)
at org.testng.internal.invokers.TestInvoker.invokeMethod(TestInvoker.java:686)
at org.testng.internal.invokers.TestInvoker.invokeTestMethod(TestInvoker.java:230)
at org.testng.internal.invokers.MethodRunner.runInSequence(MethodRunner.java:63)
at org.testng.internal.invokers.TestInvoker$MethodInvocationAgent.invoke(TestInvoker.java:992)
at org.testng.internal.invokers.TestInvoker.invokeTestMethods(TestInvoker.java:203)
at org.testng.internal.invokers.TestMethodWorker.invokeTestMethods(TestMethodWorker.java:154)
at org.testng.internal.invokers.TestMethodWorker.run(TestMethodWorker.java:134)
at java.base/java.util.concurrent.Executors$RunnableAdapter.call(Executors.java:539)
at java.base/java.util.concurrent.FutureTask.run(FutureTask.java:264)
at org.testng.internal.thread.graph.TestNGFutureTask.run(TestNGFutureTask.java:22)
at java.base/java.util.concurrent.ThreadPoolExecutor.runWorker(ThreadPoolExecutor.java:1136)
at java.base/java.util.concurrent.ThreadPoolExecutor$Worker.run(ThreadPoolExecutor.java:635)
at java.base/java.lang.Thread.run(Thread.java:833)
]]>
            </full-stacktrace>
          </exception> <!-- java.lang.AssertionError -->
          <reporter-output>
          </reporter-output>
        </test-method> <!-- verifyDownloadReportInvalidData -->
        <test-method is-config="true" signature="afterMethod()[pri:0, instance:entrata_tests.LoginTest@6ae5aa72]" started-at="2024-09-29T17:03:46 IST" name="afterMethod" finished-at="2024-09-29T17:03:46 IST" duration-ms="341" status="PASS">
          <reporter-output>
          </reporter-output>
        </test-method> <!-- afterMethod -->
      </class> <!-- entrata_tests.LoginTest -->
      <class name="entrata_tests.HomePageTest">
        <test-method is-config="true" signature="beforeMethod(java.lang.String)[pri:0, instance:entrata_tests.HomePageTest@2a798d51]" started-at="2024-09-29T16:57:45 IST" name="beforeMethod" finished-at="2024-09-29T16:57:47 IST" duration-ms="1692" status="PASS">
          <params>
            <param index="0">
              <value>
                <![CDATA[chrome]]>
              </value>
            </param>
          </params>
          <reporter-output>
          </reporter-output>
        </test-method> <!-- beforeMethod -->
        <test-method is-config="true" signature="loginAsBuyer()[pri:0, instance:entrata_tests.HomePageTest@2a798d51]" started-at="2024-09-29T16:57:47 IST" name="loginAsBuyer" finished-at="2024-09-29T16:58:30 IST" duration-ms="43430" status="PASS">
          <reporter-output>
          </reporter-output>
        </test-method> <!-- loginAsBuyer -->
        <test-method signature="verifyHomePageNavigations()[pri:1, instance:entrata_tests.HomePageTest@2a798d51]" started-at="2024-09-29T16:58:30 IST" name="verifyHomePageNavigations" description="Verify the pages navigation" finished-at="2024-09-29T17:02:08 IST" duration-ms="217444" status="FAIL">
          <exception class="java.lang.AssertionError">
            <message>
              <![CDATA[
Expecting value to be true but was false]]>
            </message>
            <full-stacktrace>
              <![CDATA[java.lang.AssertionError: 
Expecting value to be true but was false
at entrata_tests.HomePageTest.verifyHomePageNavigations(HomePageTest.java:47)
at java.base/jdk.internal.reflect.NativeMethodAccessorImpl.invoke0(Native Method)
at java.base/jdk.internal.reflect.NativeMethodAccessorImpl.invoke(NativeMethodAccessorImpl.java:77)
at java.base/jdk.internal.reflect.DelegatingMethodAccessorImpl.invoke(DelegatingMethodAccessorImpl.java:43)
at java.base/java.lang.reflect.Method.invoke(Method.java:568)
at org.testng.internal.invokers.MethodInvocationHelper.invokeMethod(MethodInvocationHelper.java:141)
at org.testng.internal.invokers.TestInvoker.invokeMethod(TestInvoker.java:686)
at org.testng.internal.invokers.TestInvoker.invokeTestMethod(TestInvoker.java:230)
at org.testng.internal.invokers.MethodRunner.runInSequence(MethodRunner.java:63)
at org.testng.internal.invokers.TestInvoker$MethodInvocationAgent.invoke(TestInvoker.java:992)
at org.testng.internal.invokers.TestInvoker.invokeTestMethods(TestInvoker.java:203)
at org.testng.internal.invokers.TestMethodWorker.invokeTestMethods(TestMethodWorker.java:154)
at org.testng.internal.invokers.TestMethodWorker.run(TestMethodWorker.java:134)
at java.base/java.util.concurrent.Executors$RunnableAdapter.call(Executors.java:539)
at java.base/java.util.concurrent.FutureTask.run(FutureTask.java:264)
at org.testng.internal.thread.graph.TestNGFutureTask.run(TestNGFutureTask.java:22)
at java.base/java.util.concurrent.ThreadPoolExecutor.runWorker(ThreadPoolExecutor.java:1136)
at java.base/java.util.concurrent.ThreadPoolExecutor$Worker.run(ThreadPoolExecutor.java:635)
at java.base/java.lang.Thread.run(Thread.java:833)
]]>
            </full-stacktrace>
          </exception> <!-- java.lang.AssertionError -->
          <reporter-output>
          </reporter-output>
        </test-method> <!-- verifyHomePageNavigations -->
        <test-method is-config="true" signature="afterMethod()[pri:0, instance:entrata_tests.HomePageTest@2a798d51]" started-at="2024-09-29T17:02:08 IST" name="afterMethod" finished-at="2024-09-29T17:02:09 IST" duration-ms="474" status="PASS">
          <reporter-output>
          </reporter-output>
        </test-method> <!-- afterMethod -->
      </class> <!-- entrata_tests.HomePageTest -->
    </test> <!-- Test_Parallel_entrata -->
  </suite> <!-- Entrata Test Suite -->
</testng-results>
